<?xml version="1.0" encoding="UTF-8"?>
<testng-results skipped="0" failed="0" total="3" passed="3">
  <reporter-output>
  </reporter-output>
  <suite name="Default suite" duration-ms="55183" started-at="2019-08-19T20:49:50Z" finished-at="2019-08-19T20:50:45Z">
    <groups>
    </groups>
    <test name="Default test" duration-ms="55183" started-at="2019-08-19T20:49:50Z" finished-at="2019-08-19T20:50:45Z">
      <class name="Tests.spotify">
        <test-method status="PASS" signature="startSession()[pri:0, instance:Tests.spotify@2b98378d]" name="startSession" is-config="true" duration-ms="7291" started-at="2019-08-19T23:49:50Z" finished-at="2019-08-19T23:49:57Z">
          <reporter-output>
          </reporter-output>
        </test-method> <!-- startSession -->
        <test-method status="PASS" signature="initializeSession(java.lang.reflect.Method)[pri:0, instance:Tests.spotify@2b98378d]" name="initializeSession" is-config="true" duration-ms="7386" started-at="2019-08-19T23:49:57Z" finished-at="2019-08-19T23:50:05Z">
          <params>
            <param index="0">
              <value>
                <![CDATA[public void Tests.spotify.test01_searchArtist() throws java.io.IOException,javax.xml.parsers.ParserConfigurationException,org.xml.sax.SAXException,org.sikuli.script.FindFailed]]>
              </value>
            </param>
          </params>
          <reporter-output>
          </reporter-output>
        </test-method> <!-- initializeSession -->
        <test-method status="PASS" signature="test01_searchArtist()[pri:0, instance:Tests.spotify@2b98378d]" name="test01_searchArtist" duration-ms="17599" started-at="2019-08-19T23:50:05Z" finished-at="2019-08-19T23:50:22Z">
          <reporter-output>
          </reporter-output>
        </test-method> <!-- test01_searchArtist -->
        <test-method status="PASS" signature="doAfterTest()[pri:0, instance:Tests.spotify@2b98378d]" name="doAfterTest" is-config="true" duration-ms="4" started-at="2019-08-19T23:50:22Z" finished-at="2019-08-19T23:50:22Z">
          <reporter-output>
          </reporter-output>
        </test-method> <!-- doAfterTest -->
        <test-method status="PASS" signature="initializeSession(java.lang.reflect.Method)[pri:0, instance:Tests.spotify@2b98378d]" name="initializeSession" is-config="true" duration-ms="7866" started-at="2019-08-19T23:50:22Z" finished-at="2019-08-19T23:50:30Z">
          <params>
            <param index="0">
              <value>
                <![CDATA[public void Tests.spotify.test02_userLogin() throws java.io.IOException,javax.xml.parsers.ParserConfigurationException,org.xml.sax.SAXException]]>
              </value>
            </param>
          </params>
          <reporter-output>
          </reporter-output>
        </test-method> <!-- initializeSession -->
        <test-method status="PASS" signature="test02_userLogin()[pri:0, instance:Tests.spotify@2b98378d]" name="test02_userLogin" duration-ms="5307" started-at="2019-08-19T23:50:30Z" finished-at="2019-08-19T23:50:35Z">
          <reporter-output>
          </reporter-output>
        </test-method> <!-- test02_userLogin -->
        <test-method status="PASS" signature="doAfterTest()[pri:0, instance:Tests.spotify@2b98378d]" name="doAfterTest" is-config="true" duration-ms="0" started-at="2019-08-19T23:50:35Z" finished-at="2019-08-19T23:50:35Z">
          <reporter-output>
          </reporter-output>
        </test-method> <!-- doAfterTest -->
        <test-method status="PASS" signature="initializeSession(java.lang.reflect.Method)[pri:0, instance:Tests.spotify@2b98378d]" name="initializeSession" is-config="true" duration-ms="5127" started-at="2019-08-19T23:50:35Z" finished-at="2019-08-19T23:50:40Z">
          <params>
            <param index="0">
              <value>
                <![CDATA[public void Tests.spotify.test03_userSignUp() throws java.io.IOException,javax.xml.parsers.ParserConfigurationException,org.xml.sax.SAXException]]>
              </value>
            </param>
          </params>
          <reporter-output>
          </reporter-output>
        </test-method> <!-- initializeSession -->
        <test-method status="PASS" signature="test03_userSignUp()[pri:0, instance:Tests.spotify@2b98378d]" name="test03_userSignUp" duration-ms="3347" started-at="2019-08-19T23:50:40Z" finished-at="2019-08-19T23:50:44Z">
          <reporter-output>
          </reporter-output>
        </test-method> <!-- test03_userSignUp -->
        <test-method status="PASS" signature="closeSession()[pri:0, instance:Tests.spotify@2b98378d]" name="closeSession" is-config="true" duration-ms="1232" started-at="2019-08-19T23:50:44Z" finished-at="2019-08-19T23:50:45Z">
          <reporter-output>
          </reporter-output>
        </test-method> <!-- closeSession -->
        <test-method status="PASS" signature="doAfterTest()[pri:0, instance:Tests.spotify@2b98378d]" name="doAfterTest" is-config="true" duration-ms="0" started-at="2019-08-19T23:50:44Z" finished-at="2019-08-19T23:50:44Z">
          <reporter-output>
          </reporter-output>
        </test-method> <!-- doAfterTest -->
      </class> <!-- Tests.spotify -->
    </test> <!-- Default test -->
  </suite> <!-- Default suite -->
</testng-results>
