<?xml version="1.0" encoding="UTF-8"?>
<!-- Generated by org.testng.reporters.JUnitXMLReporter -->
<testsuite hostname="WINDOWS-CNG2EFT" name="Default test" tests="3" failures="0" timestamp="19 Aug 2019 20:50:45 GMT" time="55.183" errors="0">
  <testcase name="test01_searchArtist" time="17.599" classname="Tests.spotify"/>
  <testcase name="test02_userLogin" time="5.307" classname="Tests.spotify"/>
  <testcase name="test03_userSignUp" time="3.347" classname="Tests.spotify"/>
</testsuite> <!-- Default test -->
